wear/build/outputs/mapping/release/seeds.txt
com.sigmabrio.penchi.binarywatch.BinaryFace
com.sigmabrio.penchi.binarywatch.BinaryFace: BinaryFace()
com.sigmabrio.penchi.binarywatch.BinaryFace$Engine: void Fecha(android.graphics.Canvas)
com.sigmabrio.penchi.binarywatch.BinaryFace$Engine: void Ayuda(android.graphics.Canvas)
com.sigmabrio.penchi.binarywatch.ColoresActivity
com.sigmabrio.penchi.binarywatch.ColoresActivity: ColoresActivity()
com.sigmabrio.penchi.binarywatch.ColoresActivity: void CambiarColor(android.view.View)
com.sigmabrio.penchi.binarywatch.ConfigActivity
com.sigmabrio.penchi.binarywatch.ConfigActivity: ConfigActivity()
com.sigmabrio.penchi.binarywatch.ConfigActivity: void MostrarColores(android.view.View)
com.sigmabrio.penchi.binarywatch.ConfigActivity: void Figuras(android.view.View)
com.sigmabrio.penchi.binarywatch.ConfigActivity: void Fondo(android.view.View)
com.sigmabrio.penchi.binarywatch.ConfigActivity: void Segundero(android.view.View)
com.sigmabrio.penchi.binarywatch.ConfigActivity: void Formato(android.view.View)
com.sigmabrio.penchi.binarywatch.ConfigActivity: void Fecha(android.view.View)
com.sigmabrio.penchi.binarywatch.ConfigActivity: void Ayuda(android.view.View)
com.sigmabrio.penchi.binarywatch.ConfigActivity: void AcercaDe(android.view.View)
com.sigmabrio.penchi.binarywatch.CreditosActivity
com.sigmabrio.penchi.binarywatch.CreditosActivity: CreditosActivity()
com.sigmabrio.penchi.binarywatch.R$anim: int generic_confirmation_generic_confirmation_animation
com.sigmabrio.penchi.binarywatch.R$anim: int generic_confirmation_icon_animation
com.sigmabrio.penchi.binarywatch.R$anim: int open_on_phone_arrow_animation
com.sigmabrio.penchi.binarywatch.R$anim: int open_on_phone_path_1_animation
com.sigmabrio.penchi.binarywatch.R$anim: int open_on_phone_path_2_animation
com.sigmabrio.penchi.binarywatch.R$animator: int circular_image_button_anim
com.sigmabrio.penchi.binarywatch.R$array: int progress_spinner_sequence
com.sigmabrio.penchi.binarywatch.R$attr: int action_menu
com.sigmabrio.penchi.binarywatch.R$attr: int bezel_width
com.sigmabrio.penchi.binarywatch.R$attr: int buttonRippleColor
com.sigmabrio.penchi.binarywatch.R$attr: int buttonSize
com.sigmabrio.penchi.binarywatch.R$attr: int circleCrop
com.sigmabrio.penchi.binarywatch.R$attr: int circle_border_cap
com.sigmabrio.penchi.binarywatch.R$attr: int circle_border_color
com.sigmabrio.penchi.binarywatch.R$attr: int circle_border_width
com.sigmabrio.penchi.binarywatch.R$attr: int circle_color
com.sigmabrio.penchi.binarywatch.R$attr: int circle_padding
com.sigmabrio.penchi.binarywatch.R$attr: int circle_radius
com.sigmabrio.penchi.binarywatch.R$attr: int circle_radius_percent
com.sigmabrio.penchi.binarywatch.R$attr: int circle_radius_pressed
com.sigmabrio.penchi.binarywatch.R$attr: int circle_radius_pressed_percent
com.sigmabrio.penchi.binarywatch.R$attr: int circular_layout_gravity
com.sigmabrio.penchi.binarywatch.R$attr: int circular_text_size
com.sigmabrio.penchi.binarywatch.R$attr: int colorScheme
com.sigmabrio.penchi.binarywatch.R$attr: int color_sequence
com.sigmabrio.penchi.binarywatch.R$attr: int dotColor
com.sigmabrio.penchi.binarywatch.R$attr: int dotColorSelected
com.sigmabrio.penchi.binarywatch.R$attr: int dotFadeInDuration
com.sigmabrio.penchi.binarywatch.R$attr: int dotFadeOutDelay
com.sigmabrio.penchi.binarywatch.R$attr: int dotFadeOutDuration
com.sigmabrio.penchi.binarywatch.R$attr: int dotFadeWhenIdle
com.sigmabrio.penchi.binarywatch.R$bool: int action_choose_expand_selected
com.sigmabrio.penchi.binarywatch.R$bool: int action_choose_symmetrical_dimen
...
android.support.v4.media.session.PlaybackStateCompat
android.support.v4.media.session.PlaybackStateCompat: android.os.Parcelable$Creator CREATOR
android.support.v4.media.session.PlaybackStateCompat$CustomAction
android.support.v4.media.session.PlaybackStateCompat$CustomAction: android.os.Parcelable$Creator CREATOR
android.support.v4.view.PagerTabStrip: void setTabIndicatorColor(int)
android.support.v4.view.PagerTabStrip: void setTabIndicatorColorResource(int)
android.support.v4.view.PagerTabStrip: int getTabIndicatorColor()
android.support.v4.view.PagerTabStrip: void setTextSpacing(int)
android.support.v4.view.PagerTabStrip: void setBackgroundDrawable(android.graphics.drawable.Drawable)
android.support.v4.view.PagerTabStrip: void setBackgroundColor(int)
android.support.v4.view.PagerTabStrip: void setBackgroundResource(int)
android.support.v4.view.PagerTabStrip: void setDrawFullUnderline(boolean)
android.support.v4.view.PagerTabStrip: boolean getDrawFullUnderline()
android.support.v4.view.PagerTabStrip: int getMinHeight()
android.support.v4.view.PagerTitleStrip: void setSingleLineAllCaps(android.widget.TextView)
android.support.v4.view.PagerTitleStrip: void setTextSpacing(int)
android.support.v4.view.PagerTitleStrip: int getTextSpacing()
android.support.v4.view.PagerTitleStrip: void setNonPrimaryAlpha(float)
android.support.v4.view.PagerTitleStrip: void setTextColor(int)
android.support.v4.view.PagerTitleStrip: void setGravity(int)
android.support.v4.view.PagerTitleStrip: int getMinHeight()
android.support.v4.view.ViewPager
android.support.v4.view.ViewPager: ViewPager(android.content.Context)
android.support.v4.view.ViewPager: ViewPager(android.content.Context,android.util.AttributeSet)
android.support.v4.view.ViewPager: void setScrollState(int)
android.support.v4.view.ViewPager: void setAdapter(android.support.v4.view.PagerAdapter)
android.support.v4.view.ViewPager: android.support.v4.view.PagerAdapter getAdapter()
android.support.v4.view.ViewPager: void setOnAdapterChangeListener(android.support.v4.view.ViewPager$OnAdapterChangeListener)
android.support.v4.view.ViewPager: int getClientWidth()
android.support.v4.view.ViewPager: void setCurrentItem(int)
android.support.v4.view.ViewPager: int getCurrentItem()
android.support.v4.view.ViewPager: void setOnPageChangeListener(android.support.v4.view.ViewPager$OnPageChangeListener)
android.support.v4.view.ViewPager: void setChildrenDrawingOrderEnabledCompat(boolean)
android.support.v4.view.ViewPager: int getOffscreenPageLimit()
android.support.v4.view.ViewPager: void setOffscreenPageLimit(int)
android.support.v4.view.ViewPager: void setPageMargin(int)
android.support.v4.view.ViewPager: int getPageMargin()
android.support.v4.view.ViewPager: void setPageMarginDrawable(android.graphics.drawable.Drawable)
android.support.v4.view.ViewPager: void setPageMarginDrawable(int)
android.support.v4.view.ViewPager: void setScrollingCacheEnabled(boolean)
android.support.v4.view.ViewPager$SavedState
android.support.v4.view.ViewPager$SavedState: android.os.Parcelable$Creator CREATOR
android.support.v4.widget.DrawerLayout: void setDrawerElevation(float)
android.support.v4.widget.DrawerLayout: float getDrawerElevation()
android.support.v4.widget.DrawerLayout: void setScrimColor(int)
android.support.v4.widget.DrawerLayout: void setDrawerListener(android.support.v4.widget.DrawerLayout$DrawerListener)
android.support.v4.widget.DrawerLayout: void setDrawerLockMode(int)
android.support.v4.widget.DrawerLayout: void setStatusBarBackground(android.graphics.drawable.Drawable)
android.support.v4.widget.DrawerLayout: android.graphics.drawable.Drawable getStatusBarBackgroundDrawable()
android.support.v4.widget.DrawerLayout: void setStatusBarBackground(int)
android.support.v4.widget.DrawerLayout: void setStatusBarBackgroundColor(int)
android.support.v4.widget.DrawerLayout$SavedState
android.support.v4.widget.DrawerLayout$SavedState: android.os.Parcelable$Creator CREATOR