wear/build/outputs/mapping/release/mapping.txt
com.sigmabrio.penchi.binarywatch.BinaryFace -> com.sigmabrio.penchi.binarywatch.BinaryFace:
    long INTERACTIVE_UPDATE_RATE_MS -> a
    void <init>() -> <init>
    com.sigmabrio.penchi.binarywatch.BinaryFace$Engine onCreateEngine() -> d
    android.support.wearable.watchface.CanvasWatchFaceService$Engine onCreateEngine() -> a
    android.support.wearable.watchface.WatchFaceService$Engine onCreateEngine() -> b
    android.service.wallpaper.WallpaperService$Engine onCreateEngine() -> onCreateEngine
    long access$100() -> e
    void <clinit>() -> <clinit>
com.sigmabrio.penchi.binarywatch.BinaryFace$Engine -> com.sigmabrio.penchi.binarywatch.BinaryFace$a:
    android.os.Handler mUpdateTimeHandler -> c
    boolean mRegisteredTimeZoneReceiver -> d
    android.graphics.Paint mBackgroundPaint -> e
    android.graphics.Paint mHandPaint -> f
    boolean mAmbient -> g
    android.text.format.Time mTime -> h
    android.content.BroadcastReceiver mTimeZoneReceiver -> i
    boolean mLowBitAmbient -> j
    android.content.SharedPreferences config -> l
    android.graphics.Rect pantalla -> m
    boolean figura -> n
    boolean fondo -> o
    boolean formato -> p
    boolean segundero -> q
    boolean fecha -> r
    boolean ayuda -> s
    android.graphics.Paint colorHoras -> t
    android.graphics.Paint colorMinutos -> u
    android.graphics.Paint colorSegundos -> v
    android.graphics.Paint colorTema -> w
    android.graphics.Paint texto -> x
    boolean inicializado -> y
    int segundo -> z
    int minuto -> A
    java.lang.String mes -> B
    int[] horas -> C
    int[] posX -> D
    int[] posY -> E
    int posXFecha -> F
    int posYFecha -> G
    int[] posXAyuda -> H
    int posYAyuda -> I
    com.sigmabrio.penchi.binarywatch.BinaryFace this$0 -> k
    void <init>(com.sigmabrio.penchi.binarywatch.BinaryFace) -> <init>
    void onCreate(android.view.SurfaceHolder) -> onCreate
    void Inicializar() -> d
    void onDestroy() -> onDestroy
    void onPropertiesChanged(android.os.Bundle) -> a
    void onTimeTick() -> b
com.sigmabrio.penchi.binarywatch.BinaryFace$Engine$1 -> com.sigmabrio.penchi.binarywatch.BinaryFace$a$1:
    com.sigmabrio.penchi.binarywatch.BinaryFace$Engine this$1 -> a
    void <init>(com.sigmabrio.penchi.binarywatch.BinaryFace$Engine) -> <init>
    void onReceive(android.content.Context,android.content.Intent) -> onReceive
com.sigmabrio.penchi.binarywatch.BinaryFace$EngineHandler -> com.sigmabrio.penchi.binarywatch.BinaryFace$b:
    java.lang.ref.WeakReference mWeakReference -> a
    void <init>(com.sigmabrio.penchi.binarywatch.BinaryFace$Engine) -> <init>
    void handleMessage(android.os.Message) -> handleMessage
com.sigmabrio.penchi.binarywatch.ColoresActivity -> com.sigmabrio.penchi.binarywatch.ColoresActivity:
    void <init>() -> <init>
    void onCreate(android.os.Bundle) -> onCreate
    void CambiarColor(android.view.View) -> CambiarColor
    void onPause() -> onPause
com.sigmabrio.penchi.binarywatch.ColoresActivity$1 -> com.sigmabrio.penchi.binarywatch.ColoresActivity$1:
    com.sigmabrio.penchi.binarywatch.ColoresActivity this$0 -> a
    void <init>(com.sigmabrio.penchi.binarywatch.ColoresActivity) -> <init>
    void onLayoutInflated(android.support.wearable.view.WatchViewStub) -> a
...
com.google.android.gms.wearable.internal.SendMessageResponse -> com.google.android.gms.wearable.internal.SendMessageResponse:
    android.os.Parcelable$Creator CREATOR -> CREATOR
    int versionCode -> a
    int statusCode -> b
    int aaJ -> c
    void <init>(int,int,int) -> <init>
    void writeToParcel(android.os.Parcel,int) -> writeToParcel
    void <clinit>() -> <clinit>
com.google.android.gms.wearable.internal.StorageInfoResponse -> com.google.android.gms.wearable.internal.StorageInfoResponse:
    android.os.Parcelable$Creator CREATOR -> CREATOR
    int versionCode -> a
    int statusCode -> b
    long aKN -> c
    java.util.List aKP -> d
    void <init>(int,int,long,java.util.List) -> <init>
    void writeToParcel(android.os.Parcel,int) -> writeToParcel
    void <clinit>() -> <clinit>
com.google.android.gms.wearable.internal.zza -> com.google.android.gms.wearable.internal.a:
    void <init>() -> <init>
    void zza(com.google.android.gms.wearable.internal.GetConfigResponse) -> a
    void zza(com.google.android.gms.wearable.internal.GetConfigsResponse) -> a
    void zza(com.google.android.gms.wearable.internal.GetCloudSyncOptInOutDoneResponse) -> a
    void zza(com.google.android.gms.wearable.internal.GetCloudSyncOptInStatusResponse) -> a
    void zza(com.google.android.gms.wearable.internal.GetCloudSyncSettingResponse) -> a
    void zza(com.google.android.gms.wearable.internal.PutDataResponse) -> a
    void zza(com.google.android.gms.wearable.internal.GetDataItemResponse) -> a
    void zzbr(com.google.android.gms.common.data.DataHolder) -> a
    void zza(com.google.android.gms.wearable.internal.DeleteDataItemsResponse) -> a
    void zza(com.google.android.gms.wearable.internal.SendMessageResponse) -> a
    void zza(com.google.android.gms.wearable.internal.GetFdForAssetResponse) -> a
    void zza(com.google.android.gms.wearable.internal.GetLocalNodeResponse) -> a
    void zza(com.google.android.gms.wearable.internal.GetConnectedNodesResponse) -> a
    void zza(com.google.android.gms.wearable.internal.OpenChannelResponse) -> a
    void zza(com.google.android.gms.wearable.internal.CloseChannelResponse) -> a
    void zzb(com.google.android.gms.wearable.internal.CloseChannelResponse) -> b
com.google.android.gms.wearable.internal.zzaa -> com.google.android.gms.wearable.internal.b:
    java.lang.String zzbgg -> a
    java.lang.String zzaxp -> b
    void <init>(com.google.android.gms.wearable.DataItemAsset) -> <init>
    com.google.android.gms.wearable.DataItemAsset zzcjc() -> d
    java.lang.String getId() -> b
    java.lang.String getDataItemKey() -> c
    java.lang.String toString() -> toString
    java.lang.Object freeze() -> a
com.google.android.gms.wearable.internal.zzab -> com.google.android.gms.wearable.internal.c:
    void <init>() -> <init>
    com.google.android.gms.wearable.internal.DataItemAssetParcelable zzus(android.os.Parcel) -> a
    com.google.android.gms.wearable.internal.DataItemAssetParcelable[] zzade(int) -> a
    void zza(com.google.android.gms.wearable.internal.DataItemAssetParcelable,android.os.Parcel,int) -> a
    java.lang.Object[] newArray(int) -> newArray
    java.lang.Object createFromParcel(android.os.Parcel) -> createFromParcel
com.google.android.gms.wearable.internal.zzac -> com.google.android.gms.wearable.internal.d:
    void <init>(com.google.android.gms.common.data.DataHolder,int) -> <init>
    com.google.android.gms.wearable.DataItemAsset zzcjc() -> d
    java.lang.String getId() -> b
    java.lang.String getDataItemKey() -> c
    java.lang.Object freeze() -> a