wear/build/outputs/mapping/release/usage.txt
com.sigmabrio.penchi.binarywatch.BinaryFace:
    private static final int MSG_UPDATE_TIME
com.sigmabrio.penchi.binarywatch.BinaryFace$Engine:
    private java.lang.String hora
com.sigmabrio.penchi.binarywatch.BuildConfig
com.sigmabrio.penchi.binarywatch.R
com.sigmabrio.penchi.binarywatch.R$anim
com.sigmabrio.penchi.binarywatch.R$animator
com.sigmabrio.penchi.binarywatch.R$array
com.sigmabrio.penchi.binarywatch.R$attr
com.sigmabrio.penchi.binarywatch.R$bool
com.sigmabrio.penchi.binarywatch.R$color
com.sigmabrio.penchi.binarywatch.R$dimen
com.sigmabrio.penchi.binarywatch.R$drawable
com.sigmabrio.penchi.binarywatch.R$fraction
com.sigmabrio.penchi.binarywatch.R$id
com.sigmabrio.penchi.binarywatch.R$integer
com.sigmabrio.penchi.binarywatch.R$interpolator
com.sigmabrio.penchi.binarywatch.R$layout
com.sigmabrio.penchi.binarywatch.R$plurals
com.sigmabrio.penchi.binarywatch.R$string
com.sigmabrio.penchi.binarywatch.R$style
com.sigmabrio.penchi.binarywatch.R$styleable
com.sigmabrio.penchi.binarywatch.R$xml
com.sigmabrio.penchi.binarywatch.TextoEmergente:
    21:25:public TextoEmergente(android.content.Context,java.lang.String)
...
android.support.v4.graphics.drawable.DrawableCompatApi23
android.support.v4.graphics.drawable.DrawableCompatBase
android.support.v4.graphics.drawable.DrawableCompatHoneycomb
android.support.v4.graphics.drawable.DrawableCompatJellybeanMr1
android.support.v4.graphics.drawable.DrawableCompatKitKat
android.support.v4.graphics.drawable.DrawableCompatLollipop
android.support.v4.graphics.drawable.DrawableWrapper
android.support.v4.graphics.drawable.DrawableWrapperDonut
android.support.v4.graphics.drawable.DrawableWrapperHoneycomb
android.support.v4.graphics.drawable.DrawableWrapperKitKat
android.support.v4.graphics.drawable.DrawableWrapperLollipop
android.support.v4.graphics.drawable.RoundedBitmapDrawable
android.support.v4.graphics.drawable.RoundedBitmapDrawable21
android.support.v4.graphics.drawable.RoundedBitmapDrawableFactory
android.support.v4.graphics.drawable.RoundedBitmapDrawableFactory$DefaultRoundedBitmapDrawable
android.support.v4.hardware.display.DisplayManagerCompat
android.support.v4.hardware.display.DisplayManagerCompat$JellybeanMr1Impl
android.support.v4.hardware.display.DisplayManagerCompat$LegacyImpl
android.support.v4.hardware.display.DisplayManagerJellybeanMr1
android.support.v4.hardware.fingerprint.FingerprintManagerCompat
android.support.v4.hardware.fingerprint.FingerprintManagerCompat$Api23FingerprintManagerCompatImpl
android.support.v4.hardware.fingerprint.FingerprintManagerCompat$Api23FingerprintManagerCompatImpl$1
android.support.v4.hardware.fingerprint.FingerprintManagerCompat$AuthenticationCallback
android.support.v4.hardware.fingerprint.FingerprintManagerCompat$AuthenticationResult
android.support.v4.hardware.fingerprint.FingerprintManagerCompat$CryptoObject
android.support.v4.hardware.fingerprint.FingerprintManagerCompat$FingerprintManagerCompatImpl
android.support.v4.hardware.fingerprint.FingerprintManagerCompat$LegacyFingerprintManagerCompatImpl
android.support.v4.hardware.fingerprint.FingerprintManagerCompatApi23
android.support.v4.hardware.fingerprint.FingerprintManagerCompatApi23$1
android.support.v4.hardware.fingerprint.FingerprintManagerCompatApi23$AuthenticationCallback
android.support.v4.hardware.fingerprint.FingerprintManagerCompatApi23$AuthenticationResultInternal
android.support.v4.hardware.fingerprint.FingerprintManagerCompatApi23$CryptoObject
android.support.v4.internal.view.SupportMenu
android.support.v4.internal.view.SupportMenuItem
android.support.v4.internal.view.SupportSubMenu
android.support.v4.media.MediaDescriptionCompat
android.support.v4.media.MediaDescriptionCompat$1
android.support.v4.media.MediaDescriptionCompat$Builder
android.support.v4.media.MediaDescriptionCompatApi21
android.support.v4.media.MediaDescriptionCompatApi21$Builder
android.support.v4.media.MediaDescriptionCompatApi23
android.support.v4.media.MediaDescriptionCompatApi23$Builder
android.support.v4.media.MediaMetadataCompat
android.support.v4.media.MediaMetadataCompat$1
android.support.v4.media.MediaMetadataCompat$BitmapKey
android.support.v4.media.MediaMetadataCompat$Builder
android.support.v4.media.MediaMetadataCompat$LongKey
android.support.v4.media.MediaMetadataCompat$RatingKey
android.support.v4.media.MediaMetadataCompat$TextKey
android.support.v4.media.MediaMetadataCompatApi21
android.support.v4.media.MediaMetadataCompatApi21$Builder
android.support.v4.media.RatingCompat
android.support.v4.media.RatingCompat$1
android.support.v4.media.RatingCompat$StarStyle
android.support.v4.media.RatingCompat$Style
android.support.v4.media.RatingCompatApi21
android.support.v4.media.TransportController
android.support.v4.media.TransportMediator
android.support.v4.media.TransportMediator$1
android.support.v4.media.TransportMediator$2
android.support.v4.media.TransportMediatorCallback
android.support.v4.media.TransportMediatorJellybeanMR2
android.support.v4.media.TransportMediatorJellybeanMR2$1
android.support.v4.media.TransportMediatorJellybeanMR2$2
android.support.v4.media.TransportMediatorJellybeanMR2$3